<?xml version="1.0" encoding="UTF-8"?>
<!-- Generated by org.testng.reporters.JUnitReportReporter -->
<testsuite hostname="M5359640" failures="0" tests="1" name="com.practice.rahulshetty.DropDownTest" time="5.815" errors="0" timestamp="2022-05-25T12:48:04 IST" skipped="0">
  <testcase classname="com.practice.rahulshetty.DropDownTest" name="DropTest" time="5.815"/>
  <system-out/>
</testsuite> <!-- com.practice.rahulshetty.DropDownTest -->
